<?xml version="1.0" encoding="UTF-8"?>
<!-- Generated by org.testng.reporters.JUnitReportReporter -->
<testsuite hostname="Naveen_Kumar" failures="0" tests="3" name="Selenium.SubmitOrder" time="30.568" errors="0" timestamp="2024-08-22T17:27:44 IST" skipped="0">
  <testcase classname="Selenium.SubmitOrder" name="submitOrder" time="13.167"/>
  <system-out/>
  <testcase classname="Selenium.SubmitOrder" name="submitOrder" time="11.812"/>
  <system-out/>
  <testcase classname="Selenium.SubmitOrder" name="verifyOrders" time="5.589"/>
  <system-out/>
</testsuite> <!-- Selenium.SubmitOrder -->
