<?xml version="1.0" encoding="UTF-8"?>
<!-- Generated by org.testng.reporters.JUnitReportReporter -->
<testsuite hostname="Naveen_Kumar" failures="0" tests="1" name="cucumber.TeestNGTestRunner" time="12.884" errors="0" timestamp="2024-08-29T22:46:08 IST" skipped="0">
  <testcase classname="cucumber.TeestNGTestRunner" name="runScenario" time="12.884"/>
</testsuite> <!-- cucumber.TeestNGTestRunner -->
